<?xml version="1.0" encoding="UTF-8"?>
<testng-results skipped="0" failed="1" ignored="0" total="2" passed="1">
  <reporter-output>
    <line>
      <![CDATA[Login Successfully Executed]]>
    </line>
    <line>
      <![CDATA[<a href="D:\aa\adownload mobile\asmaa.png">ScreenShot</a>]]>
    </line>
    <line>
      <![CDATA[<br>]]>
    </line>
    <line>
      <![CDATA[<a href="D:\aa\adownload mobile\asmaa.png"><img src="D:\aa\adownload mobile\asmaa.png" ></img></a> ]]>
    </line>
  </reporter-output>
  <suite name="Data Driven Basics" duration-ms="7758" started-at="2019-03-05T18:53:41Z" finished-at="2019-03-05T18:53:49Z">
    <groups>
    </groups>
    <test name="Bank Manager LoginTest" duration-ms="5154" started-at="2019-03-05T18:53:41Z" finished-at="2019-03-05T18:53:47Z">
      <class name="com.w2a.TestCases.BankManagerLoginTest">
        <test-method status="FAIL" signature="LoginAsTestManager()[pri:0, instance:com.w2a.TestCases.BankManagerLoginTest@37858383]" name="LoginAsTestManager" duration-ms="5087" started-at="2019-03-05T20:53:41Z" finished-at="2019-03-05T20:53:47Z">
          <exception class="java.lang.AssertionError">
            <message>
              <![CDATA[login not successful]]>
            </message>
            <full-stacktrace>
              <![CDATA[java.lang.AssertionError: login not successful
	at org.testng.Assert.fail(Assert.java:93)
	at com.w2a.TestCases.BankManagerLoginTest.LoginAsTestManager(BankManagerLoginTest.java:20)
	at sun.reflect.NativeMethodAccessorImpl.invoke0(Native Method)
	at sun.reflect.NativeMethodAccessorImpl.invoke(Unknown Source)
	at sun.reflect.DelegatingMethodAccessorImpl.invoke(Unknown Source)
	at java.lang.reflect.Method.invoke(Unknown Source)
	at org.testng.internal.MethodInvocationHelper.invokeMethod(MethodInvocationHelper.java:108)
	at org.testng.internal.Invoker.invokeMethod(Invoker.java:661)
	at org.testng.internal.Invoker.invokeTestMethod(Invoker.java:869)
	at org.testng.internal.Invoker.invokeTestMethods(Invoker.java:1193)
	at org.testng.internal.TestMethodWorker.invokeTestMethods(TestMethodWorker.java:126)
	at org.testng.internal.TestMethodWorker.run(TestMethodWorker.java:109)
	at org.testng.TestRunner.privateRun(TestRunner.java:744)
	at org.testng.TestRunner.run(TestRunner.java:602)
	at org.testng.SuiteRunner.runTest(SuiteRunner.java:380)
	at org.testng.SuiteRunner.runSequentially(SuiteRunner.java:375)
	at org.testng.SuiteRunner.privateRun(SuiteRunner.java:340)
	at org.testng.SuiteRunner.run(SuiteRunner.java:289)
	at org.testng.SuiteRunnerWorker.runSuite(SuiteRunnerWorker.java:52)
	at org.testng.SuiteRunnerWorker.run(SuiteRunnerWorker.java:86)
	at org.testng.TestNG.runSuitesSequentially(TestNG.java:1301)
	at org.testng.TestNG.runSuitesLocally(TestNG.java:1226)
	at org.testng.TestNG.runSuites(TestNG.java:1144)
	at org.testng.TestNG.run(TestNG.java:1115)
	at org.testng.remote.AbstractRemoteTestNG.run(AbstractRemoteTestNG.java:114)
	at org.testng.remote.RemoteTestNG.initAndRun(RemoteTestNG.java:251)
	at org.testng.remote.RemoteTestNG.main(RemoteTestNG.java:77)
]]>
            </full-stacktrace>
          </exception> <!-- java.lang.AssertionError -->
          <reporter-output>
            <line>
              <![CDATA[Login Successfully Executed]]>
            </line>
            <line>
              <![CDATA[<a href="D:\aa\adownload mobile\asmaa.png">ScreenShot</a>]]>
            </line>
            <line>
              <![CDATA[<br>]]>
            </line>
            <line>
              <![CDATA[<a href="D:\aa\adownload mobile\asmaa.png"><img src="D:\aa\adownload mobile\asmaa.png" ></img></a> ]]>
            </line>
          </reporter-output>
        </test-method> <!-- LoginAsTestManager -->
      </class> <!-- com.w2a.TestCases.BankManagerLoginTest -->
    </test> <!-- Bank Manager LoginTest -->
    <test name="Add Customer Test" duration-ms="2475" started-at="2019-03-05T18:53:47Z" finished-at="2019-03-05T18:53:49Z">
      <class name="com.w2a.TestCases.AddCustomerTest">
        <test-method status="PASS" signature="setUp()[pri:0, instance:com.w2a.TestCases.AddCustomerTest@2e222612]" name="setUp" is-config="true" duration-ms="54454" started-at="2019-03-05T20:52:47Z" finished-at="2019-03-05T20:53:41Z">
          <reporter-output>
          </reporter-output>
        </test-method> <!-- setUp -->
        <test-method status="PASS" signature="addCustomer(java.lang.String, java.lang.String, java.lang.String, java.lang.String)[pri:0, instance:com.w2a.TestCases.AddCustomerTest@2e222612]" name="addCustomer" duration-ms="2419" started-at="2019-03-05T20:53:47Z" data-provider="getData" finished-at="2019-03-05T20:53:49Z">
          <params>
            <param index="0">
              <value>
                <![CDATA[asmaa]]>
              </value>
            </param>
            <param index="1">
              <value>
                <![CDATA[dawood]]>
              </value>
            </param>
            <param index="2">
              <value>
                <![CDATA[A5468]]>
              </value>
            </param>
            <param index="3">
              <value>
                <![CDATA[Customer added successfully]]>
              </value>
            </param>
          </params>
          <reporter-output>
          </reporter-output>
        </test-method> <!-- addCustomer -->
        <test-method status="PASS" signature="tearDown()[pri:0, instance:com.w2a.TestCases.AddCustomerTest@2e222612]" name="tearDown" is-config="true" duration-ms="2956" started-at="2019-03-05T20:53:49Z" finished-at="2019-03-05T20:53:52Z">
          <reporter-output>
          </reporter-output>
        </test-method> <!-- tearDown -->
      </class> <!-- com.w2a.TestCases.AddCustomerTest -->
    </test> <!-- Add Customer Test -->
  </suite> <!-- Data Driven Basics -->
</testng-results>
